Sat Jun 05 17:29:49 EEST 2021 : Apache Derby Network Server - 10.11.1.2 - (1629631) started and ready to accept connections on port 1527
----------------------------------------------------------------
Sat Jun 05 17:29:49 EEST 2021:
Booting Derby version The Apache Software Foundation - Apache Derby - 10.11.1.2 - (1629631): instance a816c00e-0179-dc94-7bb2-ffffc7772cc7 
on database directory C:\Users\pc\Desktop\WebApplication3\DB with class loader sun.misc.Launcher$AppClassLoader@27c170f0 
Loaded from file:/C:/Program%20Files/Java/jdk1.8.0_111/db/lib/derby.jar
java.vendor=Oracle Corporation
java.runtime.version=1.8.0_111-b14
user.dir=C:\Program Files\Java\jdk1.8.0_111\db
os.name=Windows 10
os.arch=amd64
os.version=10.0
derby.system.home=C:\Users\pc\Desktop\WebApplication3
Database Class Loader started - derby.database.classpath=''
----------------------------------------------------------------
Sat Jun 05 17:33:45 EEST 2021: Shutting down Derby engine
----------------------------------------------------------------
Sat Jun 05 17:33:45 EEST 2021:
Shutting down instance a816c00e-0179-dc94-7bb2-ffffc7772cc7 on database directory C:\Users\pc\Desktop\WebApplication3\DB with class loader sun.misc.Launcher$AppClassLoader@27c170f0 
----------------------------------------------------------------
